2025-09-14 16:06:18,428 - __main__ - INFO - Logging initialized at INFO level
2025-09-14 16:06:18,428 - __main__ - INFO - Starting Raigem0n Telegram Analysis Pipeline
2025-09-14 16:06:18,428 - __main__ - INFO - Arguments: {'config': '/Users/haz/c0de/raigem0n/config/config.yaml', 'input': '/Users/haz/c0de/raigem0n/data/sample_channel.json', 'out': '/Users/haz/c0de/raigem0n/out/run-20250914-1606', 'batch_size': None, 'skip_langdetect': False, 'verbose': False}
2025-09-14 16:06:18,430 - raigem0n.config - INFO - Loaded configuration from /Users/haz/c0de/raigem0n/config/config.yaml
2025-09-14 16:06:18,431 - raigem0n.config - INFO - Saved config snapshot to /Users/haz/c0de/raigem0n/out/run-20250914-1606/config_snapshot.yaml
2025-09-14 16:06:18,431 - __main__ - INFO - Using CPU (CLANG environment variable set)
2025-09-14 16:06:18,431 - __main__ - INFO - Starting analysis pipeline with device: cpu
2025-09-14 16:06:18,431 - __main__ - INFO - Input: /Users/haz/c0de/raigem0n/data/sample_channel.json
2025-09-14 16:06:18,431 - __main__ - INFO - Output: /Users/haz/c0de/raigem0n/out/run-20250914-1606
2025-09-14 16:06:18,431 - __main__ - INFO - Batch size: 32
2025-09-14 16:06:18,431 - __main__ - INFO - ==================================================
2025-09-14 16:06:18,431 - __main__ - INFO - Step 1: Loading and normalizing data
2025-09-14 16:06:18,431 - __main__ - INFO - ==================================================
2025-09-14 16:06:18,431 - raigem0n.data_loader - INFO - Loading data from /Users/haz/c0de/raigem0n/data/sample_channel.json (format: json)
2025-09-14 16:06:18,438 - raigem0n.data_loader - INFO - Normalized data: 5 messages after filtering
2025-09-14 16:06:18,438 - raigem0n.data_loader - INFO - Loaded 5 messages
2025-09-14 16:06:18,440 - __main__ - INFO - Data summary: {'total_messages': 5, 'unique_channels': 1, 'date_range': {'start': '2024-01-15T14:30:00+00:00', 'end': '2024-01-16T09:00:00+00:00'}, 'avg_text_length': np.float64(147.6), 'has_forwarded': np.int64(1), 'has_media': np.int64(0)}
2025-09-14 16:06:18,440 - __main__ - INFO - ==================================================
2025-09-14 16:06:18,440 - __main__ - INFO - Step 2: Language detection
2025-09-14 16:06:18,440 - __main__ - INFO - ==================================================
2025-09-14 16:06:18,445 - __main__ - INFO - Running language detection...
2025-09-14 16:06:18,668 - __main__ - INFO - Language distribution: {'en': np.int64(5)}
2025-09-14 16:06:18,668 - __main__ - INFO - ==================================================
2025-09-14 16:06:18,668 - __main__ - INFO - Step 3: Named Entity Recognition
2025-09-14 16:06:18,668 - __main__ - INFO - ==================================================
2025-09-14 16:06:18,668 - raigem0n.processors.ner_processor - INFO - Loading NER model: dslim/bert-base-NER
2025-09-14 16:06:19,278 - raigem0n.processors.ner_processor - INFO - NER model loaded successfully
2025-09-14 16:06:19,279 - raigem0n.config - INFO - Loaded 7 entity aliases
2025-09-14 16:06:19,279 - raigem0n.processors.ner_processor - INFO - Loaded 7 entity aliases
2025-09-14 16:06:19,279 - raigem0n.processors.ner_processor - INFO - Processing 5 messages for entity extraction
2025-09-14 16:06:20,061 - raigem0n.processors.ner_processor - INFO - Entity extraction completed. Average entities per message: 1.60
2025-09-14 16:06:20,061 - __main__ - INFO - Entity extraction stats: {'total_entities': 8, 'unique_entities': 8, 'entities_by_type': {'PERSON': 2, 'ORG': 3, 'MISC': 2, 'LOC': 1}, 'top_entities': {'iden': 1, 'Donald Trump': 1, 'Twitter': 1, 'Republican Party': 1, 'Democratic Party': 1, 'Ukraine': 1, 'European Union': 1, 'NATO': 1}, 'avg_entities_per_message': 1.6}
2025-09-14 16:06:20,061 - __main__ - INFO - ==================================================
2025-09-14 16:06:20,061 - __main__ - INFO - Saving results
2025-09-14 16:06:20,061 - __main__ - INFO - ==================================================
2025-09-14 16:06:20,113 - raigem0n.data_loader - INFO - Saved 5 messages to /Users/haz/c0de/raigem0n/out/run-20250914-1606/posts_enriched.parquet
2025-09-14 16:06:20,119 - __main__ - INFO - ==================================================
2025-09-14 16:06:20,119 - __main__ - INFO - Analysis completed successfully!
2025-09-14 16:06:20,119 - __main__ - INFO - ==================================================
2025-09-14 16:06:20,119 - __main__ - INFO - Results saved to: /Users/haz/c0de/raigem0n/out/run-20250914-1606
2025-09-14 16:06:20,119 - __main__ - INFO - Main output: /Users/haz/c0de/raigem0n/out/run-20250914-1606/posts_enriched.parquet
2025-09-14 16:06:20,119 - __main__ - INFO - Total messages processed: 5
