2025-09-14 16:08:04,171 - __main__ - INFO - Logging initialized at INFO level
2025-09-14 16:08:04,171 - __main__ - INFO - Starting Raigem0n Telegram Analysis Pipeline
2025-09-14 16:08:04,171 - __main__ - INFO - Arguments: {'config': 'config/config.yaml', 'input': 'data/sample_channel.json', 'out': 'out/test-run', 'batch_size': None, 'skip_langdetect': False, 'verbose': False}
2025-09-14 16:08:04,172 - raigem0n.config - INFO - Loaded configuration from config/config.yaml
2025-09-14 16:08:04,173 - raigem0n.config - INFO - Saved config snapshot to out/test-run/config_snapshot.yaml
2025-09-14 16:08:04,173 - __main__ - INFO - Using CPU (CLANG environment variable set)
2025-09-14 16:08:04,173 - __main__ - INFO - Starting analysis pipeline with device: cpu
2025-09-14 16:08:04,173 - __main__ - INFO - Input: data/sample_channel.json
2025-09-14 16:08:04,173 - __main__ - INFO - Output: out/test-run
2025-09-14 16:08:04,173 - __main__ - INFO - Batch size: 32
2025-09-14 16:08:04,174 - __main__ - INFO - ==================================================
2025-09-14 16:08:04,174 - __main__ - INFO - Step 1: Loading and normalizing data
2025-09-14 16:08:04,174 - __main__ - INFO - ==================================================
2025-09-14 16:08:04,174 - raigem0n.data_loader - INFO - Loading data from data/sample_channel.json (format: json)
2025-09-14 16:08:04,177 - raigem0n.data_loader - INFO - Normalized data: 5 messages after filtering
2025-09-14 16:08:04,177 - raigem0n.data_loader - INFO - Loaded 5 messages
2025-09-14 16:08:04,178 - __main__ - INFO - Data summary: {'total_messages': 5, 'unique_channels': 1, 'date_range': {'start': '2024-01-15T14:30:00+00:00', 'end': '2024-01-16T09:00:00+00:00'}, 'avg_text_length': np.float64(147.6), 'has_forwarded': np.int64(1), 'has_media': np.int64(0)}
2025-09-14 16:08:04,178 - __main__ - INFO - ==================================================
2025-09-14 16:08:04,178 - __main__ - INFO - Step 2: Language detection
2025-09-14 16:08:04,178 - __main__ - INFO - ==================================================
2025-09-14 16:08:04,182 - __main__ - INFO - Running language detection...
2025-09-14 16:08:04,401 - __main__ - INFO - Language distribution: {'en': np.int64(5)}
2025-09-14 16:08:04,401 - __main__ - INFO - ==================================================
2025-09-14 16:08:04,401 - __main__ - INFO - Step 3: Named Entity Recognition
2025-09-14 16:08:04,401 - __main__ - INFO - ==================================================
2025-09-14 16:08:04,401 - raigem0n.processors.ner_processor - INFO - Loading NER model: dslim/bert-base-NER
2025-09-14 16:08:05,242 - raigem0n.processors.ner_processor - INFO - NER model loaded successfully
2025-09-14 16:08:05,243 - raigem0n.config - INFO - Loaded 7 entity aliases
2025-09-14 16:08:05,243 - raigem0n.processors.ner_processor - INFO - Loaded 7 entity aliases
2025-09-14 16:08:05,243 - raigem0n.processors.ner_processor - INFO - Processing 5 messages for entity extraction
2025-09-14 16:08:06,355 - raigem0n.processors.ner_processor - INFO - Entity extraction completed. Average entities per message: 1.60
2025-09-14 16:08:06,355 - __main__ - INFO - Entity extraction stats: {'total_entities': 8, 'unique_entities': 8, 'entities_by_type': {'PERSON': 2, 'ORG': 3, 'MISC': 2, 'LOC': 1}, 'top_entities': {'iden': 1, 'Donald Trump': 1, 'Twitter': 1, 'Republican Party': 1, 'Democratic Party': 1, 'Ukraine': 1, 'European Union': 1, 'NATO': 1}, 'avg_entities_per_message': 1.6}
2025-09-14 16:08:06,355 - __main__ - INFO - ==================================================
2025-09-14 16:08:06,355 - __main__ - INFO - Saving results
2025-09-14 16:08:06,355 - __main__ - INFO - ==================================================
2025-09-14 16:08:06,393 - raigem0n.data_loader - INFO - Saved 5 messages to out/test-run/posts_enriched.parquet
2025-09-14 16:08:06,397 - __main__ - INFO - ==================================================
2025-09-14 16:08:06,397 - __main__ - INFO - Analysis completed successfully!
2025-09-14 16:08:06,397 - __main__ - INFO - ==================================================
2025-09-14 16:08:06,397 - __main__ - INFO - Results saved to: out/test-run
2025-09-14 16:08:06,397 - __main__ - INFO - Main output: out/test-run/posts_enriched.parquet
2025-09-14 16:08:06,397 - __main__ - INFO - Total messages processed: 5
